<?xml version="1.0" encoding="UTF-8"?>
<!-- Generated by org.testng.reporters.JUnitXMLReporter -->
<testsuite ignored="6" hostname="lnksync-Workstation" failures="0" tests="9" name="Test on Android" time="2.064" errors="0" timestamp="2022-10-05T11:55:42 EET">
  <testcase classname="base.com.Base" name="@BeforeMethod beforeClass" time="1.642">
    <failure type="org.openqa.selenium.SessionNotCreatedException" message="Unable to create a new remote session. Please check the server log for more details. Original error: An unknown server-side error occurred while processing the command. Original error: Unable to find an active device or emulator with OS 12.0. The following are available: sckjeag6ojv4dugu (10), emulator-5554 (11)
Build info: version: &amp;apos;3.141.59&amp;apos;, revision: &amp;apos;e82be7d358&amp;apos;, time: &amp;apos;2018-11-14T08:17:03&amp;apos;
System info: host: &amp;apos;lnksync-Workstation&amp;apos;, ip: &amp;apos;127.0.1.1&amp;apos;, os.name: &amp;apos;Linux&amp;apos;, os.arch: &amp;apos;amd64&amp;apos;, os.version: &amp;apos;5.4.0-126-generic&amp;apos;, java.version: &amp;apos;11.0.16&amp;apos;
Driver info: driver.version: AndroidDriver
remote stacktrace: UnknownError: An unknown server-side error occurred while processing the command. Original error: Unable to find an active device or emulator with OS 12.0. The following are available: sckjeag6ojv4dugu (10), emulator-5554 (11)
    at getResponseForW3CError (/tmp/.mount_AppiumuCsWVn/resources/app/node_modules/appium/node_modules/appium-base-driver/lib/protocol/errors.js:804:9)
    at asyncHandler (/tmp/.mount_AppiumuCsWVn/resources/app/node_modules/appium/node_modules/appium-base-driver/lib/protocol/protocol.js:380:37)
Build info: version: &amp;apos;3.141.59&amp;apos;, revision: &amp;apos;e82be7d358&amp;apos;, time: &amp;apos;2018-11-14T08:17:03&amp;apos;
System info: host: &amp;apos;lnksync-Workstation&amp;apos;, ip: &amp;apos;127.0.1.1&amp;apos;, os.name: &amp;apos;Linux&amp;apos;, os.arch: &amp;apos;amd64&amp;apos;, os.version: &amp;apos;5.4.0-126-generic&amp;apos;, java.version: &amp;apos;11.0.16&amp;apos;
Driver info: driver.version: AndroidDriver">
      <![CDATA[org.openqa.selenium.SessionNotCreatedException: Unable to create a new remote session. Please check the server log for more details. Original error: An unknown server-side error occurred while processing the command. Original error: Unable to find an active device or emulator with OS 12.0. The following are available: sckjeag6ojv4dugu (10), emulator-5554 (11)
Build info: version: '3.141.59', revision: 'e82be7d358', time: '2018-11-14T08:17:03'
System info: host: 'lnksync-Workstation', ip: '127.0.1.1', os.name: 'Linux', os.arch: 'amd64', os.version: '5.4.0-126-generic', java.version: '11.0.16'
Driver info: driver.version: AndroidDriver
remote stacktrace: UnknownError: An unknown server-side error occurred while processing the command. Original error: Unable to find an active device or emulator with OS 12.0. The following are available: sckjeag6ojv4dugu (10), emulator-5554 (11)
    at getResponseForW3CError (/tmp/.mount_AppiumuCsWVn/resources/app/node_modules/appium/node_modules/appium-base-driver/lib/protocol/errors.js:804:9)
    at asyncHandler (/tmp/.mount_AppiumuCsWVn/resources/app/node_modules/appium/node_modules/appium-base-driver/lib/protocol/protocol.js:380:37)
Build info: version: '3.141.59', revision: 'e82be7d358', time: '2018-11-14T08:17:03'
System info: host: 'lnksync-Workstation', ip: '127.0.1.1', os.name: 'Linux', os.arch: 'amd64', os.version: '5.4.0-126-generic', java.version: '11.0.16'
Driver info: driver.version: AndroidDriver
at io.appium.java_client.remote.AppiumCommandExecutor$1.createSession(AppiumCommandExecutor.java:208)
at io.appium.java_client.remote.AppiumCommandExecutor.createSession(AppiumCommandExecutor.java:217)
at io.appium.java_client.remote.AppiumCommandExecutor.execute(AppiumCommandExecutor.java:239)
at org.openqa.selenium.remote.RemoteWebDriver.execute(RemoteWebDriver.java:548)
at io.appium.java_client.DefaultGenericMobileDriver.execute(DefaultGenericMobileDriver.java:41)
at io.appium.java_client.AppiumDriver.execute(AppiumDriver.java:1)
at io.appium.java_client.android.AndroidDriver.execute(AndroidDriver.java:1)
at org.openqa.selenium.remote.RemoteWebDriver.startSession(RemoteWebDriver.java:212)
at io.appium.java_client.AppiumDriver.startSession(AppiumDriver.java:336)
at org.openqa.selenium.remote.RemoteWebDriver.<init>(RemoteWebDriver.java:130)
at io.appium.java_client.DefaultGenericMobileDriver.<init>(DefaultGenericMobileDriver.java:37)
at io.appium.java_client.AppiumDriver.<init>(AppiumDriver.java:88)
at io.appium.java_client.AppiumDriver.<init>(AppiumDriver.java:98)
at io.appium.java_client.android.AndroidDriver.<init>(AndroidDriver.java:94)
at base.com.Base.beforeClass(Base.java:65)
at java.base/java.util.ArrayList.forEach(ArrayList.java:1541)
at io.appium.java_client.remote.AppiumCommandExecutor$1.createSession(AppiumCommandExecutor.java:186)
... 46 more
Caused by: org.openqa.selenium.WebDriverException: An unknown server-side error occurred while processing the command. Original error: Unable to find an active device or emulator with OS 12.0. The following are available: sckjeag6ojv4dugu (10), emulator-5554 (11)
Build info: version: '3.141.59', revision: 'e82be7d358', time: '2018-11-14T08:17:03'
System info: host: 'lnksync-Workstation', ip: '127.0.1.1', os.name: 'Linux', os.arch: 'amd64', os.version: '5.4.0-126-generic', java.version: '11.0.16'
Driver info: driver.version: AndroidDriver
remote stacktrace: UnknownError: An unknown server-side error occurred while processing the command. Original error: Unable to find an active device or emulator with OS 12.0. The following are available: sckjeag6ojv4dugu (10), emulator-5554 (11)
    at getResponseForW3CError (/tmp/.mount_AppiumuCsWVn/resources/app/node_modules/appium/node_modules/appium-base-driver/lib/protocol/errors.js:804:9)
    at asyncHandler (/tmp/.mount_AppiumuCsWVn/resources/app/node_modules/appium/node_modules/appium-base-driver/lib/protocol/protocol.js:380:37)
at org.openqa.selenium.remote.W3CHandshakeResponse.lambda$new$0(W3CHandshakeResponse.java:57)
at org.openqa.selenium.remote.W3CHandshakeResponse.lambda$getResponseFunction$2(W3CHandshakeResponse.java:104)
at org.openqa.selenium.remote.ProtocolHandshake.lambda$createSession$0(ProtocolHandshake.java:123)
at java.base/java.util.stream.ReferencePipeline$3$1.accept(ReferencePipeline.java:195)
at java.base/java.util.Spliterators$ArraySpliterator.tryAdvance(Spliterators.java:958)
at java.base/java.util.stream.ReferencePipeline.forEachWithCancel(ReferencePipeline.java:127)
at java.base/java.util.stream.AbstractPipeline.copyIntoWithCancel(AbstractPipeline.java:502)
at java.base/java.util.stream.AbstractPipeline.copyInto(AbstractPipeline.java:488)
at java.base/java.util.stream.AbstractPipeline.wrapAndCopyInto(AbstractPipeline.java:474)
at java.base/java.util.stream.FindOps$FindOp.evaluateSequential(FindOps.java:150)
at java.base/java.util.stream.AbstractPipeline.evaluate(AbstractPipeline.java:234)
at java.base/java.util.stream.ReferencePipeline.findFirst(ReferencePipeline.java:543)
at org.openqa.selenium.remote.ProtocolHandshake.createSession(ProtocolHandshake.java:126)
... 51 more
... Removed 40 stack frames]]>
    </failure>
  </testcase> <!-- @BeforeMethod beforeClass -->
  <testcase classname="base.com.Base" name="@AfterMethod AfterClass" time="-1.664963742216E9">
    <skipped/>
  </testcase> <!-- @AfterMethod AfterClass -->
  <testcase classname="base.com.Base" name="@BeforeMethod beforeClass" time="0.102">
    <failure type="org.openqa.selenium.SessionNotCreatedException" message="Unable to create a new remote session. Please check the server log for more details. Original error: An unknown server-side error occurred while processing the command. Original error: Unable to find an active device or emulator with OS 12.0. The following are available: sckjeag6ojv4dugu (10), emulator-5554 (11)
Build info: version: &amp;apos;3.141.59&amp;apos;, revision: &amp;apos;e82be7d358&amp;apos;, time: &amp;apos;2018-11-14T08:17:03&amp;apos;
System info: host: &amp;apos;lnksync-Workstation&amp;apos;, ip: &amp;apos;127.0.1.1&amp;apos;, os.name: &amp;apos;Linux&amp;apos;, os.arch: &amp;apos;amd64&amp;apos;, os.version: &amp;apos;5.4.0-126-generic&amp;apos;, java.version: &amp;apos;11.0.16&amp;apos;
Driver info: driver.version: AndroidDriver
remote stacktrace: UnknownError: An unknown server-side error occurred while processing the command. Original error: Unable to find an active device or emulator with OS 12.0. The following are available: sckjeag6ojv4dugu (10), emulator-5554 (11)
    at getResponseForW3CError (/tmp/.mount_AppiumuCsWVn/resources/app/node_modules/appium/node_modules/appium-base-driver/lib/protocol/errors.js:804:9)
    at asyncHandler (/tmp/.mount_AppiumuCsWVn/resources/app/node_modules/appium/node_modules/appium-base-driver/lib/protocol/protocol.js:380:37)
Build info: version: &amp;apos;3.141.59&amp;apos;, revision: &amp;apos;e82be7d358&amp;apos;, time: &amp;apos;2018-11-14T08:17:03&amp;apos;
System info: host: &amp;apos;lnksync-Workstation&amp;apos;, ip: &amp;apos;127.0.1.1&amp;apos;, os.name: &amp;apos;Linux&amp;apos;, os.arch: &amp;apos;amd64&amp;apos;, os.version: &amp;apos;5.4.0-126-generic&amp;apos;, java.version: &amp;apos;11.0.16&amp;apos;
Driver info: driver.version: AndroidDriver">
      <![CDATA[org.openqa.selenium.SessionNotCreatedException: Unable to create a new remote session. Please check the server log for more details. Original error: An unknown server-side error occurred while processing the command. Original error: Unable to find an active device or emulator with OS 12.0. The following are available: sckjeag6ojv4dugu (10), emulator-5554 (11)
Build info: version: '3.141.59', revision: 'e82be7d358', time: '2018-11-14T08:17:03'
System info: host: 'lnksync-Workstation', ip: '127.0.1.1', os.name: 'Linux', os.arch: 'amd64', os.version: '5.4.0-126-generic', java.version: '11.0.16'
Driver info: driver.version: AndroidDriver
remote stacktrace: UnknownError: An unknown server-side error occurred while processing the command. Original error: Unable to find an active device or emulator with OS 12.0. The following are available: sckjeag6ojv4dugu (10), emulator-5554 (11)
    at getResponseForW3CError (/tmp/.mount_AppiumuCsWVn/resources/app/node_modules/appium/node_modules/appium-base-driver/lib/protocol/errors.js:804:9)
    at asyncHandler (/tmp/.mount_AppiumuCsWVn/resources/app/node_modules/appium/node_modules/appium-base-driver/lib/protocol/protocol.js:380:37)
Build info: version: '3.141.59', revision: 'e82be7d358', time: '2018-11-14T08:17:03'
System info: host: 'lnksync-Workstation', ip: '127.0.1.1', os.name: 'Linux', os.arch: 'amd64', os.version: '5.4.0-126-generic', java.version: '11.0.16'
Driver info: driver.version: AndroidDriver
at io.appium.java_client.remote.AppiumCommandExecutor$1.createSession(AppiumCommandExecutor.java:208)
at io.appium.java_client.remote.AppiumCommandExecutor.createSession(AppiumCommandExecutor.java:217)
at io.appium.java_client.remote.AppiumCommandExecutor.execute(AppiumCommandExecutor.java:239)
at org.openqa.selenium.remote.RemoteWebDriver.execute(RemoteWebDriver.java:548)
at io.appium.java_client.DefaultGenericMobileDriver.execute(DefaultGenericMobileDriver.java:41)
at io.appium.java_client.AppiumDriver.execute(AppiumDriver.java:1)
at io.appium.java_client.android.AndroidDriver.execute(AndroidDriver.java:1)
at org.openqa.selenium.remote.RemoteWebDriver.startSession(RemoteWebDriver.java:212)
at io.appium.java_client.AppiumDriver.startSession(AppiumDriver.java:336)
at org.openqa.selenium.remote.RemoteWebDriver.<init>(RemoteWebDriver.java:130)
at io.appium.java_client.DefaultGenericMobileDriver.<init>(DefaultGenericMobileDriver.java:37)
at io.appium.java_client.AppiumDriver.<init>(AppiumDriver.java:88)
at io.appium.java_client.AppiumDriver.<init>(AppiumDriver.java:98)
at io.appium.java_client.android.AndroidDriver.<init>(AndroidDriver.java:94)
at base.com.Base.beforeClass(Base.java:65)
at java.base/java.util.ArrayList.forEach(ArrayList.java:1541)
at io.appium.java_client.remote.AppiumCommandExecutor$1.createSession(AppiumCommandExecutor.java:186)
... 46 more
Caused by: org.openqa.selenium.WebDriverException: An unknown server-side error occurred while processing the command. Original error: Unable to find an active device or emulator with OS 12.0. The following are available: sckjeag6ojv4dugu (10), emulator-5554 (11)
Build info: version: '3.141.59', revision: 'e82be7d358', time: '2018-11-14T08:17:03'
System info: host: 'lnksync-Workstation', ip: '127.0.1.1', os.name: 'Linux', os.arch: 'amd64', os.version: '5.4.0-126-generic', java.version: '11.0.16'
Driver info: driver.version: AndroidDriver
remote stacktrace: UnknownError: An unknown server-side error occurred while processing the command. Original error: Unable to find an active device or emulator with OS 12.0. The following are available: sckjeag6ojv4dugu (10), emulator-5554 (11)
    at getResponseForW3CError (/tmp/.mount_AppiumuCsWVn/resources/app/node_modules/appium/node_modules/appium-base-driver/lib/protocol/errors.js:804:9)
    at asyncHandler (/tmp/.mount_AppiumuCsWVn/resources/app/node_modules/appium/node_modules/appium-base-driver/lib/protocol/protocol.js:380:37)
at org.openqa.selenium.remote.W3CHandshakeResponse.lambda$new$0(W3CHandshakeResponse.java:57)
at org.openqa.selenium.remote.W3CHandshakeResponse.lambda$getResponseFunction$2(W3CHandshakeResponse.java:104)
at org.openqa.selenium.remote.ProtocolHandshake.lambda$createSession$0(ProtocolHandshake.java:123)
at java.base/java.util.stream.ReferencePipeline$3$1.accept(ReferencePipeline.java:195)
at java.base/java.util.Spliterators$ArraySpliterator.tryAdvance(Spliterators.java:958)
at java.base/java.util.stream.ReferencePipeline.forEachWithCancel(ReferencePipeline.java:127)
at java.base/java.util.stream.AbstractPipeline.copyIntoWithCancel(AbstractPipeline.java:502)
at java.base/java.util.stream.AbstractPipeline.copyInto(AbstractPipeline.java:488)
at java.base/java.util.stream.AbstractPipeline.wrapAndCopyInto(AbstractPipeline.java:474)
at java.base/java.util.stream.FindOps$FindOp.evaluateSequential(FindOps.java:150)
at java.base/java.util.stream.AbstractPipeline.evaluate(AbstractPipeline.java:234)
at java.base/java.util.stream.ReferencePipeline.findFirst(ReferencePipeline.java:543)
at org.openqa.selenium.remote.ProtocolHandshake.createSession(ProtocolHandshake.java:126)
... 51 more
... Removed 40 stack frames]]>
    </failure>
  </testcase> <!-- @BeforeMethod beforeClass -->
  <testcase classname="base.com.Base" name="@AfterMethod AfterClass" time="-1.664963742333E9">
    <skipped/>
  </testcase> <!-- @AfterMethod AfterClass -->
  <testcase classname="base.com.Base" name="@BeforeMethod beforeClass" time="-1.664963742336E9">
    <skipped/>
  </testcase> <!-- @BeforeMethod beforeClass -->
  <testcase classname="base.com.Base" name="@AfterMethod AfterClass" time="-1.664963742344E9">
    <skipped/>
  </testcase> <!-- @AfterMethod AfterClass -->
  <testcase classname="base.com.Base" name="@BeforeMethod beforeClass" time="-1.664963742347E9">
    <skipped/>
  </testcase> <!-- @BeforeMethod beforeClass -->
  <testcase classname="base.com.Base" name="@AfterMethod AfterClass" time="-1.664963742355E9">
    <skipped/>
  </testcase> <!-- @AfterMethod AfterClass -->
  <testcase classname="base.com.Base" name="@BeforeMethod beforeClass" time="0.106">
    <failure type="org.openqa.selenium.SessionNotCreatedException" message="Unable to create a new remote session. Please check the server log for more details. Original error: An unknown server-side error occurred while processing the command. Original error: Unable to find an active device or emulator with OS 12.0. The following are available: sckjeag6ojv4dugu (10), emulator-5554 (11)
Build info: version: &amp;apos;3.141.59&amp;apos;, revision: &amp;apos;e82be7d358&amp;apos;, time: &amp;apos;2018-11-14T08:17:03&amp;apos;
System info: host: &amp;apos;lnksync-Workstation&amp;apos;, ip: &amp;apos;127.0.1.1&amp;apos;, os.name: &amp;apos;Linux&amp;apos;, os.arch: &amp;apos;amd64&amp;apos;, os.version: &amp;apos;5.4.0-126-generic&amp;apos;, java.version: &amp;apos;11.0.16&amp;apos;
Driver info: driver.version: AndroidDriver
remote stacktrace: UnknownError: An unknown server-side error occurred while processing the command. Original error: Unable to find an active device or emulator with OS 12.0. The following are available: sckjeag6ojv4dugu (10), emulator-5554 (11)
    at getResponseForW3CError (/tmp/.mount_AppiumuCsWVn/resources/app/node_modules/appium/node_modules/appium-base-driver/lib/protocol/errors.js:804:9)
    at asyncHandler (/tmp/.mount_AppiumuCsWVn/resources/app/node_modules/appium/node_modules/appium-base-driver/lib/protocol/protocol.js:380:37)
Build info: version: &amp;apos;3.141.59&amp;apos;, revision: &amp;apos;e82be7d358&amp;apos;, time: &amp;apos;2018-11-14T08:17:03&amp;apos;
System info: host: &amp;apos;lnksync-Workstation&amp;apos;, ip: &amp;apos;127.0.1.1&amp;apos;, os.name: &amp;apos;Linux&amp;apos;, os.arch: &amp;apos;amd64&amp;apos;, os.version: &amp;apos;5.4.0-126-generic&amp;apos;, java.version: &amp;apos;11.0.16&amp;apos;
Driver info: driver.version: AndroidDriver">
      <![CDATA[org.openqa.selenium.SessionNotCreatedException: Unable to create a new remote session. Please check the server log for more details. Original error: An unknown server-side error occurred while processing the command. Original error: Unable to find an active device or emulator with OS 12.0. The following are available: sckjeag6ojv4dugu (10), emulator-5554 (11)
Build info: version: '3.141.59', revision: 'e82be7d358', time: '2018-11-14T08:17:03'
System info: host: 'lnksync-Workstation', ip: '127.0.1.1', os.name: 'Linux', os.arch: 'amd64', os.version: '5.4.0-126-generic', java.version: '11.0.16'
Driver info: driver.version: AndroidDriver
remote stacktrace: UnknownError: An unknown server-side error occurred while processing the command. Original error: Unable to find an active device or emulator with OS 12.0. The following are available: sckjeag6ojv4dugu (10), emulator-5554 (11)
    at getResponseForW3CError (/tmp/.mount_AppiumuCsWVn/resources/app/node_modules/appium/node_modules/appium-base-driver/lib/protocol/errors.js:804:9)
    at asyncHandler (/tmp/.mount_AppiumuCsWVn/resources/app/node_modules/appium/node_modules/appium-base-driver/lib/protocol/protocol.js:380:37)
Build info: version: '3.141.59', revision: 'e82be7d358', time: '2018-11-14T08:17:03'
System info: host: 'lnksync-Workstation', ip: '127.0.1.1', os.name: 'Linux', os.arch: 'amd64', os.version: '5.4.0-126-generic', java.version: '11.0.16'
Driver info: driver.version: AndroidDriver
at io.appium.java_client.remote.AppiumCommandExecutor$1.createSession(AppiumCommandExecutor.java:208)
at io.appium.java_client.remote.AppiumCommandExecutor.createSession(AppiumCommandExecutor.java:217)
at io.appium.java_client.remote.AppiumCommandExecutor.execute(AppiumCommandExecutor.java:239)
at org.openqa.selenium.remote.RemoteWebDriver.execute(RemoteWebDriver.java:548)
at io.appium.java_client.DefaultGenericMobileDriver.execute(DefaultGenericMobileDriver.java:41)
at io.appium.java_client.AppiumDriver.execute(AppiumDriver.java:1)
at io.appium.java_client.android.AndroidDriver.execute(AndroidDriver.java:1)
at org.openqa.selenium.remote.RemoteWebDriver.startSession(RemoteWebDriver.java:212)
at io.appium.java_client.AppiumDriver.startSession(AppiumDriver.java:336)
at org.openqa.selenium.remote.RemoteWebDriver.<init>(RemoteWebDriver.java:130)
at io.appium.java_client.DefaultGenericMobileDriver.<init>(DefaultGenericMobileDriver.java:37)
at io.appium.java_client.AppiumDriver.<init>(AppiumDriver.java:88)
at io.appium.java_client.AppiumDriver.<init>(AppiumDriver.java:98)
at io.appium.java_client.android.AndroidDriver.<init>(AndroidDriver.java:94)
at base.com.Base.beforeClass(Base.java:65)
at java.base/java.util.ArrayList.forEach(ArrayList.java:1541)
at io.appium.java_client.remote.AppiumCommandExecutor$1.createSession(AppiumCommandExecutor.java:186)
... 46 more
Caused by: org.openqa.selenium.WebDriverException: An unknown server-side error occurred while processing the command. Original error: Unable to find an active device or emulator with OS 12.0. The following are available: sckjeag6ojv4dugu (10), emulator-5554 (11)
Build info: version: '3.141.59', revision: 'e82be7d358', time: '2018-11-14T08:17:03'
System info: host: 'lnksync-Workstation', ip: '127.0.1.1', os.name: 'Linux', os.arch: 'amd64', os.version: '5.4.0-126-generic', java.version: '11.0.16'
Driver info: driver.version: AndroidDriver
remote stacktrace: UnknownError: An unknown server-side error occurred while processing the command. Original error: Unable to find an active device or emulator with OS 12.0. The following are available: sckjeag6ojv4dugu (10), emulator-5554 (11)
    at getResponseForW3CError (/tmp/.mount_AppiumuCsWVn/resources/app/node_modules/appium/node_modules/appium-base-driver/lib/protocol/errors.js:804:9)
    at asyncHandler (/tmp/.mount_AppiumuCsWVn/resources/app/node_modules/appium/node_modules/appium-base-driver/lib/protocol/protocol.js:380:37)
at org.openqa.selenium.remote.W3CHandshakeResponse.lambda$new$0(W3CHandshakeResponse.java:57)
at org.openqa.selenium.remote.W3CHandshakeResponse.lambda$getResponseFunction$2(W3CHandshakeResponse.java:104)
at org.openqa.selenium.remote.ProtocolHandshake.lambda$createSession$0(ProtocolHandshake.java:123)
at java.base/java.util.stream.ReferencePipeline$3$1.accept(ReferencePipeline.java:195)
at java.base/java.util.Spliterators$ArraySpliterator.tryAdvance(Spliterators.java:958)
at java.base/java.util.stream.ReferencePipeline.forEachWithCancel(ReferencePipeline.java:127)
at java.base/java.util.stream.AbstractPipeline.copyIntoWithCancel(AbstractPipeline.java:502)
at java.base/java.util.stream.AbstractPipeline.copyInto(AbstractPipeline.java:488)
at java.base/java.util.stream.AbstractPipeline.wrapAndCopyInto(AbstractPipeline.java:474)
at java.base/java.util.stream.FindOps$FindOp.evaluateSequential(FindOps.java:150)
at java.base/java.util.stream.AbstractPipeline.evaluate(AbstractPipeline.java:234)
at java.base/java.util.stream.ReferencePipeline.findFirst(ReferencePipeline.java:543)
at org.openqa.selenium.remote.ProtocolHandshake.createSession(ProtocolHandshake.java:126)
... 51 more
... Removed 40 stack frames]]>
    </failure>
  </testcase> <!-- @BeforeMethod beforeClass -->
  <testcase classname="base.com.Base" name="@AfterMethod AfterClass" time="-1.664963742473E9">
    <skipped/>
  </testcase> <!-- @AfterMethod AfterClass -->
  <testcase classname="base.com.Base" name="@BeforeMethod beforeClass" time="-1.664963742475E9">
    <skipped/>
  </testcase> <!-- @BeforeMethod beforeClass -->
  <testcase classname="base.com.Base" name="@AfterMethod AfterClass" time="-1.664963742482E9">
    <skipped/>
  </testcase> <!-- @AfterMethod AfterClass -->
  <testcase classname="base.com.Base" name="@BeforeMethod beforeClass" time="0.1">
    <failure type="org.openqa.selenium.SessionNotCreatedException" message="Unable to create a new remote session. Please check the server log for more details. Original error: An unknown server-side error occurred while processing the command. Original error: Unable to find an active device or emulator with OS 12.0. The following are available: sckjeag6ojv4dugu (10), emulator-5554 (11)
Build info: version: &amp;apos;3.141.59&amp;apos;, revision: &amp;apos;e82be7d358&amp;apos;, time: &amp;apos;2018-11-14T08:17:03&amp;apos;
System info: host: &amp;apos;lnksync-Workstation&amp;apos;, ip: &amp;apos;127.0.1.1&amp;apos;, os.name: &amp;apos;Linux&amp;apos;, os.arch: &amp;apos;amd64&amp;apos;, os.version: &amp;apos;5.4.0-126-generic&amp;apos;, java.version: &amp;apos;11.0.16&amp;apos;
Driver info: driver.version: AndroidDriver
remote stacktrace: UnknownError: An unknown server-side error occurred while processing the command. Original error: Unable to find an active device or emulator with OS 12.0. The following are available: sckjeag6ojv4dugu (10), emulator-5554 (11)
    at getResponseForW3CError (/tmp/.mount_AppiumuCsWVn/resources/app/node_modules/appium/node_modules/appium-base-driver/lib/protocol/errors.js:804:9)
    at asyncHandler (/tmp/.mount_AppiumuCsWVn/resources/app/node_modules/appium/node_modules/appium-base-driver/lib/protocol/protocol.js:380:37)
Build info: version: &amp;apos;3.141.59&amp;apos;, revision: &amp;apos;e82be7d358&amp;apos;, time: &amp;apos;2018-11-14T08:17:03&amp;apos;
System info: host: &amp;apos;lnksync-Workstation&amp;apos;, ip: &amp;apos;127.0.1.1&amp;apos;, os.name: &amp;apos;Linux&amp;apos;, os.arch: &amp;apos;amd64&amp;apos;, os.version: &amp;apos;5.4.0-126-generic&amp;apos;, java.version: &amp;apos;11.0.16&amp;apos;
Driver info: driver.version: AndroidDriver">
      <![CDATA[org.openqa.selenium.SessionNotCreatedException: Unable to create a new remote session. Please check the server log for more details. Original error: An unknown server-side error occurred while processing the command. Original error: Unable to find an active device or emulator with OS 12.0. The following are available: sckjeag6ojv4dugu (10), emulator-5554 (11)
Build info: version: '3.141.59', revision: 'e82be7d358', time: '2018-11-14T08:17:03'
System info: host: 'lnksync-Workstation', ip: '127.0.1.1', os.name: 'Linux', os.arch: 'amd64', os.version: '5.4.0-126-generic', java.version: '11.0.16'
Driver info: driver.version: AndroidDriver
remote stacktrace: UnknownError: An unknown server-side error occurred while processing the command. Original error: Unable to find an active device or emulator with OS 12.0. The following are available: sckjeag6ojv4dugu (10), emulator-5554 (11)
    at getResponseForW3CError (/tmp/.mount_AppiumuCsWVn/resources/app/node_modules/appium/node_modules/appium-base-driver/lib/protocol/errors.js:804:9)
    at asyncHandler (/tmp/.mount_AppiumuCsWVn/resources/app/node_modules/appium/node_modules/appium-base-driver/lib/protocol/protocol.js:380:37)
Build info: version: '3.141.59', revision: 'e82be7d358', time: '2018-11-14T08:17:03'
System info: host: 'lnksync-Workstation', ip: '127.0.1.1', os.name: 'Linux', os.arch: 'amd64', os.version: '5.4.0-126-generic', java.version: '11.0.16'
Driver info: driver.version: AndroidDriver
at io.appium.java_client.remote.AppiumCommandExecutor$1.createSession(AppiumCommandExecutor.java:208)
at io.appium.java_client.remote.AppiumCommandExecutor.createSession(AppiumCommandExecutor.java:217)
at io.appium.java_client.remote.AppiumCommandExecutor.execute(AppiumCommandExecutor.java:239)
at org.openqa.selenium.remote.RemoteWebDriver.execute(RemoteWebDriver.java:548)
at io.appium.java_client.DefaultGenericMobileDriver.execute(DefaultGenericMobileDriver.java:41)
at io.appium.java_client.AppiumDriver.execute(AppiumDriver.java:1)
at io.appium.java_client.android.AndroidDriver.execute(AndroidDriver.java:1)
at org.openqa.selenium.remote.RemoteWebDriver.startSession(RemoteWebDriver.java:212)
at io.appium.java_client.AppiumDriver.startSession(AppiumDriver.java:336)
at org.openqa.selenium.remote.RemoteWebDriver.<init>(RemoteWebDriver.java:130)
at io.appium.java_client.DefaultGenericMobileDriver.<init>(DefaultGenericMobileDriver.java:37)
at io.appium.java_client.AppiumDriver.<init>(AppiumDriver.java:88)
at io.appium.java_client.AppiumDriver.<init>(AppiumDriver.java:98)
at io.appium.java_client.android.AndroidDriver.<init>(AndroidDriver.java:94)
at base.com.Base.beforeClass(Base.java:65)
at java.base/java.util.ArrayList.forEach(ArrayList.java:1541)
at io.appium.java_client.remote.AppiumCommandExecutor$1.createSession(AppiumCommandExecutor.java:186)
... 46 more
Caused by: org.openqa.selenium.WebDriverException: An unknown server-side error occurred while processing the command. Original error: Unable to find an active device or emulator with OS 12.0. The following are available: sckjeag6ojv4dugu (10), emulator-5554 (11)
Build info: version: '3.141.59', revision: 'e82be7d358', time: '2018-11-14T08:17:03'
System info: host: 'lnksync-Workstation', ip: '127.0.1.1', os.name: 'Linux', os.arch: 'amd64', os.version: '5.4.0-126-generic', java.version: '11.0.16'
Driver info: driver.version: AndroidDriver
remote stacktrace: UnknownError: An unknown server-side error occurred while processing the command. Original error: Unable to find an active device or emulator with OS 12.0. The following are available: sckjeag6ojv4dugu (10), emulator-5554 (11)
    at getResponseForW3CError (/tmp/.mount_AppiumuCsWVn/resources/app/node_modules/appium/node_modules/appium-base-driver/lib/protocol/errors.js:804:9)
    at asyncHandler (/tmp/.mount_AppiumuCsWVn/resources/app/node_modules/appium/node_modules/appium-base-driver/lib/protocol/protocol.js:380:37)
at org.openqa.selenium.remote.W3CHandshakeResponse.lambda$new$0(W3CHandshakeResponse.java:57)
at org.openqa.selenium.remote.W3CHandshakeResponse.lambda$getResponseFunction$2(W3CHandshakeResponse.java:104)
at org.openqa.selenium.remote.ProtocolHandshake.lambda$createSession$0(ProtocolHandshake.java:123)
at java.base/java.util.stream.ReferencePipeline$3$1.accept(ReferencePipeline.java:195)
at java.base/java.util.Spliterators$ArraySpliterator.tryAdvance(Spliterators.java:958)
at java.base/java.util.stream.ReferencePipeline.forEachWithCancel(ReferencePipeline.java:127)
at java.base/java.util.stream.AbstractPipeline.copyIntoWithCancel(AbstractPipeline.java:502)
at java.base/java.util.stream.AbstractPipeline.copyInto(AbstractPipeline.java:488)
at java.base/java.util.stream.AbstractPipeline.wrapAndCopyInto(AbstractPipeline.java:474)
at java.base/java.util.stream.FindOps$FindOp.evaluateSequential(FindOps.java:150)
at java.base/java.util.stream.AbstractPipeline.evaluate(AbstractPipeline.java:234)
at java.base/java.util.stream.ReferencePipeline.findFirst(ReferencePipeline.java:543)
at org.openqa.selenium.remote.ProtocolHandshake.createSession(ProtocolHandshake.java:126)
... 51 more
... Removed 40 stack frames]]>
    </failure>
  </testcase> <!-- @BeforeMethod beforeClass -->
  <testcase classname="base.com.Base" name="@AfterMethod AfterClass" time="-1.66496374259E9">
    <skipped/>
  </testcase> <!-- @AfterMethod AfterClass -->
  <testcase classname="base.com.Base" name="@BeforeMethod beforeClass" time="-1.664963742591E9">
    <skipped/>
  </testcase> <!-- @BeforeMethod beforeClass -->
  <testcase classname="base.com.Base" name="@AfterMethod AfterClass" time="-1.664963742594E9">
    <skipped/>
  </testcase> <!-- @AfterMethod AfterClass -->
  <testcase classname="base.com.Base" name="@BeforeMethod beforeClass" time="-1.664963742595E9">
    <skipped/>
  </testcase> <!-- @BeforeMethod beforeClass -->
  <testcase classname="base.com.Base" name="@AfterMethod AfterClass" time="-1.664963742599E9">
    <skipped/>
  </testcase> <!-- @AfterMethod AfterClass -->
  <testcase classname="TestCases.SingUp_Test_Cases" name="singup_with_ValidData" time="0.0">
    <skipped/>
  </testcase> <!-- singup_with_ValidData -->
  <testcase classname="TestCases.Login_Test_Cases" name="login_with_credentials" time="0.0">
    <skipped/>
  </testcase> <!-- login_with_credentials -->
  <testcase classname="TestCases.Login_Test_Cases" name="login_with_Enail_Empty" time="0.0">
    <skipped/>
  </testcase> <!-- login_with_Enail_Empty -->
  <testcase classname="TestCases.Login_Test_Cases" name="login_with_password_Empty" time="0.0">
    <skipped/>
  </testcase> <!-- login_with_password_Empty -->
  <testcase classname="TestCases.New_Task_TestCases" name="click_Add_New_Task" time="0.0">
    <skipped/>
  </testcase> <!-- click_Add_New_Task -->
  <testcase classname="TestCases.New_Task_TestCases" name="press_logout" time="0.0">
    <skipped/>
  </testcase> <!-- press_logout -->
  <testcase classname="TestCases.Tasks_Screen_TestCases" name="press_logout_from_Tasks_Screen" time="0.0">
    <skipped/>
  </testcase> <!-- press_logout_from_Tasks_Screen -->
  <testcase classname="TestCases.Tasks_Screen_TestCases" name="Add_New_Task" time="0.0">
    <skipped/>
  </testcase> <!-- Add_New_Task -->
  <testcase classname="TestCases.Tasks_Screen_TestCases" name="Check_current_tasks" time="0.0">
    <skipped/>
  </testcase> <!-- Check_current_tasks -->
  <testcase classname="base.com.Base" name="@AfterSuite AfddderClass" time="0.0">
    <ignored/>
  </testcase> <!-- @AfterSuite AfddderClass -->
  <testcase classname="base.com.Base" name="@AfterSuite AfddderClass" time="0.0">
    <ignored/>
  </testcase> <!-- @AfterSuite AfddderClass -->
  <testcase classname="base.com.Base" name="@AfterSuite AfddderClass" time="0.0">
    <ignored/>
  </testcase> <!-- @AfterSuite AfddderClass -->
  <testcase classname="base.com.Base" name="@BeforeSuite BeforeeClass" time="0.0">
    <ignored/>
  </testcase> <!-- @BeforeSuite BeforeeClass -->
  <testcase classname="base.com.Base" name="@BeforeSuite BeforeeClass" time="0.0">
    <ignored/>
  </testcase> <!-- @BeforeSuite BeforeeClass -->
  <testcase classname="base.com.Base" name="@BeforeSuite BeforeeClass" time="0.0">
    <ignored/>
  </testcase> <!-- @BeforeSuite BeforeeClass -->
</testsuite> <!-- Test on Android -->
